Namespace(exp_name='exp', model='dgcnn', dataset='modelnet40', batch_size=32, test_batch_size=16, epochs=250, use_sgd=True, lr=0.001, momentum=0.9, no_cuda=False, seed=1, eval=False, num_points=1024, dropout=0.5, emb_dims=1024, k=20, model_path='')
Using CPU
Namespace(exp_name='exp', model='dgcnn', dataset='modelnet40', batch_size=32, test_batch_size=16, epochs=250, use_sgd=True, lr=0.001, momentum=0.9, no_cuda=False, seed=1, eval=False, num_points=1024, dropout=0.5, emb_dims=1024, k=20, model_path='')
Using CPU
Namespace(exp_name='exp', model='dgcnn', dataset='modelnet40', batch_size=32, test_batch_size=16, epochs=250, use_sgd=True, lr=0.001, momentum=0.9, no_cuda=False, seed=1, eval=False, num_points=1024, dropout=0.5, emb_dims=1024, k=20, model_path='')
Using CPU
Namespace(exp_name='exp', model='dgcnn', dataset='modelnet40', batch_size=32, test_batch_size=16, epochs=250, use_sgd=True, lr=0.001, momentum=0.9, no_cuda=False, seed=1, eval=False, num_points=1024, dropout=0.5, emb_dims=1024, k=20, model_path='')
Using CPU
Namespace(exp_name='exp', model='dgcnn', dataset='modelnet40', batch_size=32, test_batch_size=16, epochs=250, use_sgd=True, lr=0.001, momentum=0.9, no_cuda=False, seed=1, eval=False, num_points=1024, dropout=0.5, emb_dims=1024, k=20, model_path='')
Using CPU
Namespace(exp_name='exp', model='dgcnn', dataset='modelnet40', batch_size=32, test_batch_size=16, epochs=250, use_sgd=True, lr=0.001, momentum=0.9, no_cuda=False, seed=1, eval=False, num_points=1024, dropout=0.5, emb_dims=1024, k=20, model_path='')
Using CPU
Namespace(exp_name='exp', model='dgcnn', dataset='modelnet40', batch_size=32, test_batch_size=16, epochs=250, use_sgd=True, lr=0.001, momentum=0.9, no_cuda=False, seed=1, eval=False, num_points=1024, dropout=0.5, emb_dims=1024, k=20, model_path='')
Using CPU
Namespace(exp_name='exp', model='dgcnn', dataset='modelnet40', batch_size=32, test_batch_size=16, epochs=250, use_sgd=True, lr=0.001, momentum=0.9, no_cuda=False, seed=1, eval=False, num_points=1024, dropout=0.5, emb_dims=1024, k=20, model_path='')
Using CPU
Namespace(exp_name='exp', model='dgcnn', dataset='modelnet40', batch_size=32, test_batch_size=16, epochs=250, use_sgd=True, lr=0.001, momentum=0.9, no_cuda=False, seed=1, eval=False, num_points=1024, dropout=0.5, emb_dims=1024, k=20, model_path='')
Using CPU
Namespace(exp_name='exp', model='dgcnn', dataset='modelnet40', batch_size=32, test_batch_size=16, epochs=250, use_sgd=True, lr=0.001, momentum=0.9, no_cuda=False, seed=1, eval=False, num_points=1024, dropout=0.5, emb_dims=1024, k=20, model_path='')
Using CPU
Namespace(exp_name='exp', model='dgcnn', dataset='modelnet40', batch_size=32, test_batch_size=16, epochs=250, use_sgd=True, lr=0.001, momentum=0.9, no_cuda=False, seed=1, eval=False, num_points=1024, dropout=0.5, emb_dims=1024, k=20, model_path='')
Using CPU
Namespace(exp_name='exp', model='dgcnn', dataset='modelnet40', batch_size=32, test_batch_size=16, epochs=250, use_sgd=True, lr=0.001, momentum=0.9, no_cuda=False, seed=1, eval=False, num_points=1024, dropout=0.5, emb_dims=1024, k=20, model_path='')
Using CPU
Namespace(exp_name='exp', model='dgcnn', dataset='modelnet40', batch_size=32, test_batch_size=16, epochs=250, use_sgd=True, lr=0.001, momentum=0.9, no_cuda=False, seed=1, eval=False, num_points=1024, dropout=0.5, emb_dims=1024, k=20, model_path='')
Using CPU
Namespace(exp_name='exp', model='dgcnn', dataset='modelnet40', batch_size=32, test_batch_size=16, epochs=250, use_sgd=True, lr=0.001, momentum=0.9, no_cuda=False, seed=1, eval=False, num_points=1024, dropout=0.5, emb_dims=1024, k=20, model_path='')
Namespace(exp_name='exp', model='dgcnn', dataset='modelnet40', batch_size=32, test_batch_size=16, epochs=250, use_sgd=True, lr=0.001, momentum=0.9, no_cuda=False, seed=1, eval=False, num_points=1024, dropout=0.5, emb_dims=1024, k=20, model_path='')
Namespace(exp_name='exp', model='dgcnn', dataset='modelnet40', batch_size=32, test_batch_size=16, epochs=250, use_sgd=True, lr=0.001, momentum=0.9, no_cuda=False, seed=1, eval=False, num_points=1024, dropout=0.5, emb_dims=1024, k=20, model_path='')
Namespace(exp_name='exp', model='dgcnn', dataset='modelnet40', batch_size=32, test_batch_size=16, epochs=250, use_sgd=True, lr=0.001, momentum=0.9, no_cuda=False, seed=1, eval=False, num_points=1024, dropout=0.5, emb_dims=1024, k=20, model_path='')
Namespace(exp_name='exp', model='dgcnn', dataset='modelnet40', batch_size=32, test_batch_size=16, epochs=250, use_sgd=True, lr=0.001, momentum=0.9, no_cuda=False, seed=1, eval=False, num_points=1024, dropout=0.5, emb_dims=1024, k=20, model_path='')
Namespace(exp_name='exp', model='dgcnn', dataset='modelnet40', batch_size=32, test_batch_size=16, epochs=250, use_sgd=True, lr=0.001, momentum=0.9, no_cuda=False, seed=1, eval=False, num_points=1024, dropout=0.5, emb_dims=1024, k=20, model_path='')
Namespace(exp_name='exp', model='dgcnn', dataset='modelnet40', batch_size=32, test_batch_size=16, epochs=250, use_sgd=True, lr=0.001, momentum=0.9, no_cuda=False, seed=1, eval=False, num_points=1024, dropout=0.5, emb_dims=1024, k=20, model_path='')
Namespace(exp_name='exp', model='dgcnn', dataset='modelnet40', batch_size=32, test_batch_size=16, epochs=250, use_sgd=True, lr=0.001, momentum=0.9, no_cuda=False, seed=1, eval=False, num_points=1024, dropout=0.5, emb_dims=1024, k=20, model_path='')
Namespace(exp_name='exp', model='dgcnn', dataset='modelnet40', batch_size=32, test_batch_size=16, epochs=250, use_sgd=True, lr=0.001, momentum=0.9, no_cuda=False, seed=1, eval=False, num_points=1024, dropout=0.5, emb_dims=1024, k=20, model_path='')
Namespace(exp_name='exp', model='dgcnn', dataset='modelnet40', batch_size=32, test_batch_size=16, epochs=250, use_sgd=True, lr=0.001, momentum=0.9, no_cuda=False, seed=1, eval=False, num_points=1024, dropout=0.5, emb_dims=1024, k=20, model_path='')
Namespace(exp_name='exp', model='dgcnn', dataset='modelnet40', batch_size=32, test_batch_size=16, epochs=250, use_sgd=True, lr=0.001, momentum=0.9, no_cuda=False, seed=1, eval=False, num_points=1024, dropout=0.5, emb_dims=1024, k=20, model_path='')
Namespace(exp_name='exp', model='dgcnn', dataset='modelnet40', batch_size=32, test_batch_size=16, epochs=250, use_sgd=True, lr=0.001, momentum=0.9, no_cuda=False, seed=1, eval=False, num_points=1024, dropout=0.5, emb_dims=1024, k=20, model_path='')
Namespace(exp_name='exp', model='dgcnn', dataset='modelnet40', batch_size=32, test_batch_size=16, epochs=250, use_sgd=True, lr=0.001, momentum=0.9, no_cuda=False, seed=1, eval=False, num_points=1024, dropout=0.5, emb_dims=1024, k=20, model_path='')
Namespace(exp_name='exp', model='dgcnn', dataset='modelnet40', batch_size=32, test_batch_size=16, epochs=250, use_sgd=True, lr=0.001, momentum=0.9, no_cuda=True, seed=1, eval=False, num_points=1024, dropout=0.5, emb_dims=1024, k=20, model_path='')
Namespace(exp_name='exp', model='dgcnn', dataset='modelnet40', batch_size=32, test_batch_size=16, epochs=250, use_sgd=True, lr=0.001, momentum=0.9, no_cuda=False, seed=1, eval=False, num_points=1024, dropout=0.5, emb_dims=1024, k=20, model_path='')
Namespace(exp_name='exp', model='dgcnn', dataset='modelnet40', batch_size=32, test_batch_size=16, epochs=250, use_sgd=True, lr=0.001, momentum=0.9, no_cuda=False, seed=1, eval=False, num_points=1024, dropout=0.5, emb_dims=1024, k=20, model_path='')
Namespace(exp_name='exp', model='dgcnn', dataset='modelnet40', batch_size=32, test_batch_size=16, epochs=250, use_sgd=True, lr=0.001, momentum=0.9, no_cuda=False, seed=1, eval=False, num_points=1024, dropout=0.5, emb_dims=1024, k=20, model_path='')
Namespace(exp_name='exp', model='dgcnn', dataset='modelnet40', batch_size=32, test_batch_size=16, epochs=250, use_sgd=True, lr=0.001, momentum=0.9, no_cuda=False, seed=1, eval=False, num_points=1024, dropout=0.5, emb_dims=1024, k=20, model_path='')
Namespace(exp_name='exp', model='dgcnn', dataset='modelnet40', batch_size=32, test_batch_size=16, epochs=250, use_sgd=True, lr=0.001, momentum=0.9, no_cuda=False, seed=1, eval=False, num_points=1024, dropout=0.5, emb_dims=1024, k=20, model_path='')
Train 0, loss: 2.853932, train acc: 0.420455, train avg acc: 0.316707
Test 0, loss: 5.990699, test acc: 0.611111, test avg acc: 0.489091
Train 1, loss: 2.664920, train acc: 0.463068, train avg acc: 0.411296
Test 1, loss: 6.231132, test acc: 0.611111, test avg acc: 0.480606
Namespace(exp_name='exp', model='dgcnn', dataset='modelnet40', batch_size=32, test_batch_size=16, epochs=250, use_sgd=True, lr=0.001, momentum=0.9, no_cuda=False, seed=1, eval=False, num_points=1024, dropout=0.5, emb_dims=1024, k=20, model_path='')
Namespace(exp_name='exp', model='dgcnn', dataset='modelnet40', batch_size=32, test_batch_size=16, epochs=250, use_sgd=True, lr=0.001, momentum=0.9, no_cuda=False, seed=1, eval=False, num_points=1024, dropout=0.5, emb_dims=1024, k=20, model_path='')
Namespace(exp_name='exp', model='dgcnn', dataset='modelnet40', batch_size=32, test_batch_size=16, epochs=250, use_sgd=True, lr=0.001, momentum=0.9, no_cuda=False, seed=1, eval=False, num_points=1024, dropout=0.5, emb_dims=1024, k=20, model_path='')
Namespace(exp_name='exp', model='dgcnn', dataset='modelnet40', batch_size=32, test_batch_size=16, epochs=250, use_sgd=True, lr=0.001, momentum=0.9, no_cuda=False, seed=1, eval=False, num_points=1024, dropout=0.5, emb_dims=1024, k=20, model_path='')
Namespace(exp_name='exp', model='dgcnn', dataset='modelnet40', batch_size=32, test_batch_size=16, epochs=250, use_sgd=True, lr=0.001, momentum=0.9, no_cuda=False, seed=1, eval=False, num_points=1024, dropout=0.5, emb_dims=1024, k=20, model_path='')
Namespace(exp_name='exp', model='dgcnn', dataset='modelnet40', batch_size=32, test_batch_size=16, epochs=250, use_sgd=True, lr=0.001, momentum=0.9, no_cuda=False, seed=1, eval=False, num_points=4096, dropout=0.5, emb_dims=1024, k=20, model_path='')
Namespace(exp_name='exp', model='dgcnn', dataset='modelnet40', batch_size=32, test_batch_size=16, epochs=250, use_sgd=True, lr=0.001, momentum=0.9, no_cuda=False, seed=1, eval=False, num_points=4096, dropout=0.5, emb_dims=1024, k=20, model_path='')
Namespace(exp_name='exp', model='dgcnn', dataset='modelnet40', batch_size=32, test_batch_size=16, epochs=250, use_sgd=True, lr=0.001, momentum=0.9, no_cuda=False, seed=1, eval=False, num_points=1024, dropout=0.5, emb_dims=1024, k=20, model_path='')
Namespace(exp_name='exp', model='dgcnn', dataset='modelnet40', batch_size=32, test_batch_size=16, epochs=250, use_sgd=True, lr=0.001, momentum=0.9, no_cuda=False, seed=1, eval=False, num_points=1024, dropout=0.5, emb_dims=1024, k=20, model_path='')
Namespace(exp_name='exp', model='dgcnn', dataset='modelnet40', batch_size=32, test_batch_size=16, epochs=250, use_sgd=True, lr=0.001, momentum=0.9, no_cuda=False, seed=1, eval=False, num_points=1024, dropout=0.5, emb_dims=1024, k=20, model_path='')
Namespace(exp_name='exp', model='dgcnn', dataset='modelnet40', batch_size=32, test_batch_size=16, epochs=250, use_sgd=True, lr=0.001, momentum=0.9, no_cuda=False, seed=1, eval=False, num_points=1024, dropout=0.5, emb_dims=1024, k=20, model_path='')
Namespace(exp_name='exp', model='dgcnn', dataset='modelnet40', batch_size=32, test_batch_size=16, epochs=250, use_sgd=True, lr=0.001, momentum=0.9, no_cuda=False, seed=1, eval=False, num_points=1024, dropout=0.5, emb_dims=1024, k=20, model_path='')
Namespace(exp_name='exp', model='dgcnn', dataset='modelnet40', batch_size=32, test_batch_size=16, epochs=250, use_sgd=True, lr=0.001, momentum=0.9, no_cuda=False, seed=1, eval=False, num_points=1024, dropout=0.5, emb_dims=1024, k=20, model_path='')
Namespace(exp_name='exp', model='dgcnn', dataset='modelnet40', batch_size=32, test_batch_size=16, epochs=250, use_sgd=True, lr=0.001, momentum=0.9, no_cuda=False, seed=1, eval=False, num_points=1024, dropout=0.5, emb_dims=1024, k=20, model_path='')
Namespace(exp_name='exp', model='dgcnn', dataset='modelnet40', batch_size=32, test_batch_size=16, epochs=250, use_sgd=True, lr=0.001, momentum=0.9, no_cuda=True, seed=1, eval=False, num_points=1024, dropout=0.5, emb_dims=1024, k=20, model_path='')
Namespace(exp_name='exp', model='dgcnn', dataset='modelnet40', batch_size=32, test_batch_size=16, epochs=250, use_sgd=True, lr=0.001, momentum=0.9, no_cuda=True, seed=1, eval=False, num_points=1024, dropout=0.5, emb_dims=1024, k=20, model_path='')
Namespace(exp_name='exp', model='dgcnn', dataset='modelnet40', batch_size=32, test_batch_size=16, epochs=250, use_sgd=True, lr=0.001, momentum=0.9, no_cuda=True, seed=1, eval=False, num_points=1024, dropout=0.5, emb_dims=1024, k=20, model_path='')
Namespace(exp_name='exp', model='dgcnn', dataset='modelnet40', batch_size=32, test_batch_size=16, epochs=250, use_sgd=True, lr=0.001, momentum=0.9, no_cuda=True, seed=1, eval=False, num_points=1024, dropout=0.5, emb_dims=1024, k=20, model_path='')
Namespace(exp_name='exp', model='dgcnn', dataset='modelnet40', batch_size=32, test_batch_size=16, epochs=250, use_sgd=True, lr=0.001, momentum=0.9, no_cuda=True, seed=1, eval=False, num_points=1024, dropout=0.5, emb_dims=1024, k=20, model_path='')
Namespace(exp_name='exp', model='dgcnn', dataset='modelnet40', batch_size=32, test_batch_size=16, epochs=250, use_sgd=True, lr=0.001, momentum=0.9, no_cuda=False, seed=1, eval=False, num_points=1024, dropout=0.5, emb_dims=1024, k=20, model_path='')
Namespace(exp_name='exp', model='dgcnn', dataset='modelnet40', batch_size=32, test_batch_size=16, epochs=250, use_sgd=True, lr=0.001, momentum=0.9, no_cuda=False, seed=1, eval=False, num_points=1024, dropout=0.5, emb_dims=1024, k=20, model_path='')
Namespace(exp_name='exp', model='dgcnn', dataset='modelnet40', batch_size=32, test_batch_size=16, epochs=250, use_sgd=True, lr=0.001, momentum=0.9, no_cuda=False, seed=1, eval=False, num_points=1024, dropout=0.5, emb_dims=1024, k=20, model_path='')
Namespace(exp_name='exp', model='dgcnn', dataset='modelnet40', batch_size=32, test_batch_size=16, epochs=250, use_sgd=True, lr=0.001, momentum=0.9, no_cuda=False, seed=1, eval=False, num_points=1024, dropout=0.5, emb_dims=1024, k=20, model_path='')
Namespace(exp_name='exp', model='dgcnn', dataset='modelnet40', batch_size=32, test_batch_size=16, epochs=250, use_sgd=True, lr=0.001, momentum=0.9, no_cuda=False, seed=1, eval=False, num_points=1024, dropout=0.5, emb_dims=1024, k=20, model_path='')
Namespace(exp_name='exp', model='dgcnn', dataset='modelnet40', batch_size=32, test_batch_size=16, epochs=250, use_sgd=True, lr=0.001, momentum=0.9, no_cuda=False, seed=1, eval=False, num_points=1024, dropout=0.5, emb_dims=1024, k=20, model_path='')
Namespace(exp_name='exp', model='dgcnn', dataset='modelnet40', batch_size=32, test_batch_size=16, epochs=250, use_sgd=True, lr=0.001, momentum=0.9, no_cuda=False, seed=1, eval=False, num_points=1024, dropout=0.5, emb_dims=1024, k=20, model_path='')
Namespace(exp_name='exp', model='dgcnn', dataset='modelnet40', batch_size=32, test_batch_size=16, epochs=250, use_sgd=True, lr=0.001, momentum=0.9, no_cuda=False, seed=1, eval=False, num_points=1024, dropout=0.5, emb_dims=1024, k=20, model_path='')
Namespace(exp_name='exp', model='dgcnn', dataset='modelnet40', batch_size=32, test_batch_size=16, epochs=250, use_sgd=True, lr=0.001, momentum=0.9, no_cuda=False, seed=1, eval=False, num_points=1024, dropout=0.5, emb_dims=1024, k=20, model_path='')
Namespace(exp_name='exp', model='dgcnn', dataset='modelnet40', batch_size=32, test_batch_size=16, epochs=250, use_sgd=True, lr=0.001, momentum=0.9, no_cuda=False, seed=1, eval=False, num_points=1024, dropout=0.5, emb_dims=1024, k=20, model_path='')
Train 0, loss: 2.787671, train acc: 0.460227, train avg acc: 0.347479
Test 0, loss: 4.446595, test acc: 0.188889, test avg acc: 0.374643
Train 1, loss: 2.602895, train acc: 0.480114, train avg acc: 0.377778
Test 1, loss: 3.723600, test acc: 0.166667, test avg acc: 0.131105
Train 2, loss: 2.536303, train acc: 0.534091, train avg acc: 0.400951
Test 2, loss: 3.243960, test acc: 0.644444, test avg acc: 0.518873
Train 3, loss: 2.404612, train acc: 0.599432, train avg acc: 0.462200
Test 3, loss: 2.000776, test acc: 0.677778, test avg acc: 0.500869
Train 4, loss: 2.304189, train acc: 0.588068, train avg acc: 0.428957
Test 4, loss: 2.068036, test acc: 0.600000, test avg acc: 0.419407
Train 5, loss: 2.149382, train acc: 0.650568, train avg acc: 0.526978
Test 5, loss: 2.027768, test acc: 0.633333, test avg acc: 0.489817
Train 6, loss: 2.319689, train acc: 0.613636, train avg acc: 0.451490
Test 6, loss: 2.095056, test acc: 0.677778, test avg acc: 0.465508
Train 7, loss: 1.964885, train acc: 0.664773, train avg acc: 0.489001
Test 7, loss: 1.821827, test acc: 0.733333, test avg acc: 0.533824
Train 8, loss: 1.897044, train acc: 0.704545, train avg acc: 0.536993
Test 8, loss: 2.016089, test acc: 0.700000, test avg acc: 0.531462
Train 9, loss: 1.980084, train acc: 0.676136, train avg acc: 0.491588
Test 9, loss: 2.951797, test acc: 0.677778, test avg acc: 0.540263
Train 10, loss: 2.052298, train acc: 0.698864, train avg acc: 0.527343
Test 10, loss: 1.853585, test acc: 0.711111, test avg acc: 0.562990
Train 11, loss: 1.911016, train acc: 0.684659, train avg acc: 0.509280
Test 11, loss: 1.791865, test acc: 0.744444, test avg acc: 0.560428
Train 12, loss: 1.785433, train acc: 0.713068, train avg acc: 0.528688
Test 12, loss: 1.735540, test acc: 0.722222, test avg acc: 0.531172
Train 13, loss: 1.807180, train acc: 0.710227, train avg acc: 0.523370
Test 13, loss: 1.764103, test acc: 0.644444, test avg acc: 0.473886
Train 14, loss: 1.827060, train acc: 0.690341, train avg acc: 0.516345
Test 14, loss: 1.729648, test acc: 0.722222, test avg acc: 0.530726
Train 15, loss: 1.718700, train acc: 0.730114, train avg acc: 0.545771
Test 15, loss: 1.703443, test acc: 0.700000, test avg acc: 0.511542
Train 16, loss: 1.767999, train acc: 0.713068, train avg acc: 0.522775
Test 16, loss: 1.879982, test acc: 0.666667, test avg acc: 0.484113
Train 17, loss: 1.800336, train acc: 0.696023, train avg acc: 0.536889
Test 17, loss: 1.673458, test acc: 0.744444, test avg acc: 0.541176
Train 18, loss: 1.734038, train acc: 0.750000, train avg acc: 0.541854
Test 18, loss: 1.717503, test acc: 0.711111, test avg acc: 0.508824
Train 19, loss: 1.702137, train acc: 0.724432, train avg acc: 0.554337
Test 19, loss: 1.744462, test acc: 0.722222, test avg acc: 0.531172
Train 20, loss: 1.695796, train acc: 0.767045, train avg acc: 0.589935
Test 20, loss: 1.711592, test acc: 0.766667, test avg acc: 0.550512
Train 21, loss: 1.700953, train acc: 0.747159, train avg acc: 0.556869
Test 21, loss: 1.677154, test acc: 0.733333, test avg acc: 0.543226
Train 22, loss: 1.686901, train acc: 0.752841, train avg acc: 0.563730
Test 22, loss: 1.716645, test acc: 0.722222, test avg acc: 0.530726
Train 23, loss: 1.761258, train acc: 0.718750, train avg acc: 0.530162
Test 23, loss: 1.723575, test acc: 0.722222, test avg acc: 0.525802
Train 24, loss: 1.676562, train acc: 0.772727, train avg acc: 0.576640
Test 24, loss: 1.725441, test acc: 0.700000, test avg acc: 0.516243
Train 25, loss: 1.669989, train acc: 0.750000, train avg acc: 0.555775
Test 25, loss: 1.663655, test acc: 0.766667, test avg acc: 0.565731
Train 26, loss: 1.680392, train acc: 0.767045, train avg acc: 0.576577
Test 26, loss: 1.659378, test acc: 0.744444, test avg acc: 0.540954
Train 27, loss: 1.684394, train acc: 0.767045, train avg acc: 0.580257
Test 27, loss: 1.675527, test acc: 0.755556, test avg acc: 0.563525
Train 28, loss: 1.675336, train acc: 0.767045, train avg acc: 0.566992
Test 28, loss: 1.739022, test acc: 0.711111, test avg acc: 0.524265
Train 29, loss: 1.667888, train acc: 0.761364, train avg acc: 0.578791
Test 29, loss: 1.654306, test acc: 0.755556, test avg acc: 0.553454
Train 30, loss: 1.641889, train acc: 0.767045, train avg acc: 0.575382
Test 30, loss: 1.638434, test acc: 0.755556, test avg acc: 0.567781
Train 31, loss: 1.663347, train acc: 0.784091, train avg acc: 0.582628
Test 31, loss: 1.613330, test acc: 0.777778, test avg acc: 0.573307
Train 32, loss: 1.636497, train acc: 0.801136, train avg acc: 0.605588
Test 32, loss: 1.697721, test acc: 0.700000, test avg acc: 0.516466
Train 33, loss: 1.664479, train acc: 0.758523, train avg acc: 0.558639
Test 33, loss: 1.661969, test acc: 0.744444, test avg acc: 0.540731
Train 34, loss: 1.631170, train acc: 0.812500, train avg acc: 0.610566
Test 34, loss: 1.643114, test acc: 0.777778, test avg acc: 0.593449
Train 35, loss: 1.658766, train acc: 0.798295, train avg acc: 0.606127
Test 35, loss: 1.607460, test acc: 0.777778, test avg acc: 0.607776
Train 36, loss: 1.628516, train acc: 0.798295, train avg acc: 0.595484
Test 36, loss: 1.659256, test acc: 0.755556, test avg acc: 0.548307
Train 37, loss: 1.619847, train acc: 0.801136, train avg acc: 0.598142
Test 37, loss: 1.687116, test acc: 0.744444, test avg acc: 0.540731
Train 38, loss: 1.647385, train acc: 0.775568, train avg acc: 0.584279
Test 38, loss: 1.713910, test acc: 0.722222, test avg acc: 0.531395
Train 39, loss: 1.649832, train acc: 0.764205, train avg acc: 0.579995
Test 39, loss: 1.678181, test acc: 0.733333, test avg acc: 0.528454
Train 40, loss: 1.777552, train acc: 0.764205, train avg acc: 0.567157
Test 40, loss: 1.747416, test acc: 0.700000, test avg acc: 0.490731
Train 41, loss: 1.684068, train acc: 0.772727, train avg acc: 0.576209
Test 41, loss: 1.624736, test acc: 0.744444, test avg acc: 0.545878
Train 42, loss: 1.622564, train acc: 0.821023, train avg acc: 0.619846
Test 42, loss: 1.635369, test acc: 0.766667, test avg acc: 0.565954
Train 43, loss: 1.603689, train acc: 0.798295, train avg acc: 0.593655
Test 43, loss: 1.618570, test acc: 0.755556, test avg acc: 0.548307
Train 44, loss: 1.635420, train acc: 0.835227, train avg acc: 0.659121
Test 44, loss: 1.701146, test acc: 0.755556, test avg acc: 0.543160
Train 45, loss: 1.613258, train acc: 0.818182, train avg acc: 0.613164
Test 45, loss: 1.597476, test acc: 0.755556, test avg acc: 0.548307
Train 46, loss: 1.668016, train acc: 0.795455, train avg acc: 0.597923
Test 46, loss: 1.579169, test acc: 0.800000, test avg acc: 0.622928
Train 47, loss: 1.646034, train acc: 0.781250, train avg acc: 0.583338
Test 47, loss: 1.719545, test acc: 0.711111, test avg acc: 0.513971
Train 48, loss: 1.604378, train acc: 0.803977, train avg acc: 0.634679
Test 48, loss: 1.698561, test acc: 0.733333, test avg acc: 0.548151
Train 49, loss: 1.578359, train acc: 0.818182, train avg acc: 0.641648
Test 49, loss: 1.633369, test acc: 0.755556, test avg acc: 0.543382
Train 50, loss: 1.582910, train acc: 0.815341, train avg acc: 0.613104
Test 50, loss: 1.595303, test acc: 0.777778, test avg acc: 0.588525
Train 51, loss: 1.645393, train acc: 0.801136, train avg acc: 0.604869
Test 51, loss: 1.724087, test acc: 0.711111, test avg acc: 0.503008
Train 52, loss: 1.602466, train acc: 0.792614, train avg acc: 0.590705
Test 52, loss: 1.641180, test acc: 0.744444, test avg acc: 0.545655
Train 53, loss: 1.602639, train acc: 0.798295, train avg acc: 0.603704
Test 53, loss: 1.554651, test acc: 0.800000, test avg acc: 0.593382
Train 54, loss: 1.565125, train acc: 0.832386, train avg acc: 0.616884
Test 54, loss: 1.626829, test acc: 0.755556, test avg acc: 0.548084
Train 55, loss: 1.582568, train acc: 0.815341, train avg acc: 0.643435
Test 55, loss: 1.703121, test acc: 0.700000, test avg acc: 0.495655
Train 56, loss: 1.594045, train acc: 0.801136, train avg acc: 0.598883
Test 56, loss: 1.576143, test acc: 0.777778, test avg acc: 0.578231
Train 57, loss: 1.574474, train acc: 0.832386, train avg acc: 0.621534
Test 57, loss: 1.629067, test acc: 0.755556, test avg acc: 0.543160
Train 58, loss: 1.577595, train acc: 0.838068, train avg acc: 0.627835
Test 58, loss: 1.639829, test acc: 0.733333, test avg acc: 0.523307
Train 59, loss: 1.629449, train acc: 0.803977, train avg acc: 0.603148
Test 59, loss: 1.538050, test acc: 0.822222, test avg acc: 0.623084
Train 60, loss: 1.560157, train acc: 0.821023, train avg acc: 0.617263
Test 60, loss: 1.538724, test acc: 0.788889, test avg acc: 0.615575
Train 61, loss: 1.562677, train acc: 0.838068, train avg acc: 0.629773
Test 61, loss: 1.613731, test acc: 0.744444, test avg acc: 0.540508
Train 62, loss: 1.558645, train acc: 0.823864, train avg acc: 0.618494
Test 62, loss: 1.595662, test acc: 0.766667, test avg acc: 0.580949
Train 63, loss: 1.623318, train acc: 0.795455, train avg acc: 0.626855
Test 63, loss: 1.558018, test acc: 0.800000, test avg acc: 0.592714
Train 64, loss: 1.576707, train acc: 0.815341, train avg acc: 0.612967
Test 64, loss: 1.596971, test acc: 0.777778, test avg acc: 0.597928
Train 65, loss: 1.586809, train acc: 0.803977, train avg acc: 0.596184
Test 65, loss: 1.579010, test acc: 0.744444, test avg acc: 0.540731
Train 66, loss: 1.597289, train acc: 0.835227, train avg acc: 0.627200
Test 66, loss: 1.561681, test acc: 0.822222, test avg acc: 0.618382
Train 67, loss: 1.580312, train acc: 0.795455, train avg acc: 0.592928
Test 67, loss: 1.597411, test acc: 0.766667, test avg acc: 0.555437
Train 68, loss: 1.558822, train acc: 0.843750, train avg acc: 0.634374
Test 68, loss: 1.551121, test acc: 0.788889, test avg acc: 0.575735
Train 69, loss: 1.535239, train acc: 0.843750, train avg acc: 0.634684
Test 69, loss: 1.547621, test acc: 0.833333, test avg acc: 0.635584
Train 70, loss: 1.550930, train acc: 0.832386, train avg acc: 0.621151
Test 70, loss: 1.615082, test acc: 0.766667, test avg acc: 0.565731
Train 71, loss: 1.572109, train acc: 0.838068, train avg acc: 0.626012
Test 71, loss: 1.547457, test acc: 0.788889, test avg acc: 0.585807
Train 72, loss: 1.578105, train acc: 0.815341, train avg acc: 0.615200
Test 72, loss: 1.744763, test acc: 0.722222, test avg acc: 0.500512
Train 73, loss: 1.545944, train acc: 0.823864, train avg acc: 0.614976
Test 73, loss: 1.634019, test acc: 0.777778, test avg acc: 0.557865
Train 74, loss: 1.580551, train acc: 0.812500, train avg acc: 0.605764
Test 74, loss: 1.570521, test acc: 0.833333, test avg acc: 0.630660
Train 75, loss: 1.563627, train acc: 0.832386, train avg acc: 0.631209
Test 75, loss: 1.569121, test acc: 0.755556, test avg acc: 0.543160
Train 76, loss: 1.546186, train acc: 0.846591, train avg acc: 0.633862
Test 76, loss: 1.561765, test acc: 0.744444, test avg acc: 0.546101
Train 77, loss: 1.550115, train acc: 0.829545, train avg acc: 0.621178
Test 77, loss: 1.578711, test acc: 0.766667, test avg acc: 0.565731
Train 78, loss: 1.539628, train acc: 0.832386, train avg acc: 0.622553
Test 78, loss: 1.590415, test acc: 0.777778, test avg acc: 0.573084
Train 79, loss: 1.568284, train acc: 0.832386, train avg acc: 0.654994
Test 79, loss: 1.516001, test acc: 0.800000, test avg acc: 0.613079
Train 80, loss: 1.520915, train acc: 0.866477, train avg acc: 0.657004
Test 80, loss: 1.707661, test acc: 0.755556, test avg acc: 0.587923
Train 81, loss: 1.510571, train acc: 0.866477, train avg acc: 0.653924
Test 81, loss: 1.517966, test acc: 0.800000, test avg acc: 0.593160
Train 82, loss: 1.574213, train acc: 0.821023, train avg acc: 0.614027
Test 82, loss: 1.573475, test acc: 0.800000, test avg acc: 0.593160
Train 83, loss: 1.545655, train acc: 0.840909, train avg acc: 0.631878
Test 83, loss: 1.526163, test acc: 0.822222, test avg acc: 0.617937
Train 84, loss: 1.567923, train acc: 0.826705, train avg acc: 0.623000
Test 84, loss: 1.504522, test acc: 0.855556, test avg acc: 0.655660
Train 85, loss: 1.552021, train acc: 0.829545, train avg acc: 0.673899
Test 85, loss: 1.543982, test acc: 0.811111, test avg acc: 0.625579
Train 86, loss: 1.526752, train acc: 0.860795, train avg acc: 0.647219
Test 86, loss: 1.503574, test acc: 0.822222, test avg acc: 0.623307
Train 87, loss: 1.542623, train acc: 0.846591, train avg acc: 0.634429
Test 87, loss: 1.559580, test acc: 0.766667, test avg acc: 0.550512
Train 88, loss: 1.550922, train acc: 0.843750, train avg acc: 0.636166
Test 88, loss: 1.684513, test acc: 0.744444, test avg acc: 0.535584
Train 89, loss: 1.583504, train acc: 0.826705, train avg acc: 0.618268
Test 89, loss: 1.505727, test acc: 0.822222, test avg acc: 0.627562
Train 90, loss: 1.525494, train acc: 0.846591, train avg acc: 0.637256
Test 90, loss: 1.529521, test acc: 0.844444, test avg acc: 0.652785
Train 91, loss: 1.549413, train acc: 0.840909, train avg acc: 0.635355
Test 91, loss: 1.497878, test acc: 0.855556, test avg acc: 0.645365
Train 92, loss: 1.534106, train acc: 0.846591, train avg acc: 0.630016
Test 92, loss: 1.609883, test acc: 0.733333, test avg acc: 0.528231
Train 93, loss: 1.560123, train acc: 0.838068, train avg acc: 0.639266
Test 93, loss: 1.527335, test acc: 0.811111, test avg acc: 0.605660
Namespace(exp_name='exp', model='dgcnn', dataset='modelnet40', batch_size=32, test_batch_size=16, epochs=250, use_sgd=True, lr=0.001, momentum=0.9, no_cuda=False, seed=1, eval=False, num_points=4096, dropout=0.4, emb_dims=1024, k=20, model_path='')
Namespace(exp_name='exp', model='dgcnn', dataset='modelnet40', batch_size=32, test_batch_size=16, epochs=250, use_sgd=True, lr=0.001, momentum=0.9, no_cuda=False, seed=1, eval=False, num_points=4096, dropout=0.4, emb_dims=1024, k=20, model_path='')
Namespace(exp_name='exp', model='dgcnn', dataset='modelnet40', batch_size=32, test_batch_size=16, epochs=250, use_sgd=True, lr=0.001, momentum=0.9, no_cuda=False, seed=1, eval=False, num_points=2048, dropout=0.4, emb_dims=1024, k=20, model_path='')
Train 0, loss: 2.661353, train acc: 0.446023, train avg acc: 0.361836
Test 0, loss: 6.800922, test acc: 0.366667, test avg acc: 0.342669
Train 1, loss: 2.448717, train acc: 0.605114, train avg acc: 0.448948
Test 1, loss: 7.965727, test acc: 0.555556, test avg acc: 0.465441
Train 2, loss: 2.335568, train acc: 0.562500, train avg acc: 0.421792
Test 2, loss: 3.438740, test acc: 0.622222, test avg acc: 0.518494
Train 3, loss: 2.292894, train acc: 0.593750, train avg acc: 0.482537
Test 3, loss: 2.709820, test acc: 0.577778, test avg acc: 0.469608
Train 4, loss: 2.337311, train acc: 0.588068, train avg acc: 0.441466
Test 4, loss: 1.923624, test acc: 0.744444, test avg acc: 0.570499
Train 5, loss: 2.401843, train acc: 0.590909, train avg acc: 0.439817
Test 5, loss: 2.313720, test acc: 0.655556, test avg acc: 0.533846
Train 6, loss: 2.071326, train acc: 0.644886, train avg acc: 0.468352
Test 6, loss: 2.081881, test acc: 0.588889, test avg acc: 0.472037
Train 7, loss: 1.981086, train acc: 0.647727, train avg acc: 0.476144
Test 7, loss: 1.923164, test acc: 0.666667, test avg acc: 0.524176
Train 8, loss: 1.857098, train acc: 0.715909, train avg acc: 0.532026
Test 8, loss: 1.787666, test acc: 0.700000, test avg acc: 0.516689
Train 9, loss: 1.866670, train acc: 0.704545, train avg acc: 0.519544
Test 9, loss: 1.693018, test acc: 0.744444, test avg acc: 0.545655
Train 10, loss: 1.797603, train acc: 0.744318, train avg acc: 0.548161
Test 10, loss: 1.701403, test acc: 0.733333, test avg acc: 0.528231
Train 11, loss: 1.854963, train acc: 0.690341, train avg acc: 0.539399
Test 11, loss: 1.717386, test acc: 0.700000, test avg acc: 0.525646
Train 12, loss: 1.956277, train acc: 0.647727, train avg acc: 0.472409
Test 12, loss: 1.865853, test acc: 0.755556, test avg acc: 0.583445
Train 13, loss: 1.893035, train acc: 0.676136, train avg acc: 0.504784
Test 13, loss: 1.822332, test acc: 0.766667, test avg acc: 0.565731
Train 14, loss: 1.822968, train acc: 0.718750, train avg acc: 0.515201
Test 14, loss: 1.843443, test acc: 0.688889, test avg acc: 0.524109
Train 15, loss: 1.733933, train acc: 0.735795, train avg acc: 0.545149
Test 15, loss: 1.912968, test acc: 0.677778, test avg acc: 0.525936
Train 16, loss: 1.803147, train acc: 0.704545, train avg acc: 0.509382
Test 16, loss: 1.880790, test acc: 0.655556, test avg acc: 0.506529
Train 17, loss: 1.774139, train acc: 0.713068, train avg acc: 0.532451
Test 17, loss: 1.772907, test acc: 0.688889, test avg acc: 0.504412
Train 18, loss: 1.718024, train acc: 0.741477, train avg acc: 0.543584
Test 18, loss: 1.704581, test acc: 0.677778, test avg acc: 0.480281
Train 19, loss: 1.735346, train acc: 0.764205, train avg acc: 0.566495
Test 19, loss: 1.719040, test acc: 0.755556, test avg acc: 0.543382
Train 20, loss: 1.728839, train acc: 0.750000, train avg acc: 0.570331
Test 20, loss: 1.716652, test acc: 0.755556, test avg acc: 0.553454
Train 21, loss: 1.714294, train acc: 0.752841, train avg acc: 0.545465
Test 21, loss: 1.679510, test acc: 0.722222, test avg acc: 0.530726
Train 22, loss: 1.728216, train acc: 0.727273, train avg acc: 0.561615
Test 22, loss: 1.656897, test acc: 0.733333, test avg acc: 0.548373
Train 23, loss: 1.664106, train acc: 0.761364, train avg acc: 0.560113
Test 23, loss: 1.708024, test acc: 0.711111, test avg acc: 0.522928
Train 24, loss: 1.660180, train acc: 0.747159, train avg acc: 0.566705
Test 24, loss: 1.631199, test acc: 0.755556, test avg acc: 0.553231
Train 25, loss: 1.654783, train acc: 0.769886, train avg acc: 0.572606
Test 25, loss: 1.636985, test acc: 0.755556, test avg acc: 0.548307
Train 26, loss: 1.728286, train acc: 0.735795, train avg acc: 0.540101
Test 26, loss: 1.681015, test acc: 0.755556, test avg acc: 0.553231
Train 27, loss: 1.679043, train acc: 0.747159, train avg acc: 0.563928
Test 27, loss: 1.622723, test acc: 0.733333, test avg acc: 0.528231
Train 28, loss: 1.667880, train acc: 0.758523, train avg acc: 0.564576
Test 28, loss: 1.640636, test acc: 0.755556, test avg acc: 0.548307
Train 29, loss: 1.666496, train acc: 0.801136, train avg acc: 0.608299
Test 29, loss: 1.679809, test acc: 0.733333, test avg acc: 0.543449
Train 30, loss: 1.647082, train acc: 0.772727, train avg acc: 0.579129
Test 30, loss: 1.653003, test acc: 0.755556, test avg acc: 0.548307
Train 31, loss: 1.629391, train acc: 0.764205, train avg acc: 0.570484
Test 31, loss: 1.626529, test acc: 0.733333, test avg acc: 0.547928
Train 32, loss: 1.627367, train acc: 0.786932, train avg acc: 0.584336
Test 32, loss: 1.637175, test acc: 0.733333, test avg acc: 0.533155
Train 33, loss: 1.691393, train acc: 0.781250, train avg acc: 0.592474
Test 33, loss: 1.678934, test acc: 0.722222, test avg acc: 0.526025
Train 34, loss: 1.679200, train acc: 0.778409, train avg acc: 0.578486
Test 34, loss: 1.686913, test acc: 0.766667, test avg acc: 0.560361
Train 35, loss: 1.649919, train acc: 0.798295, train avg acc: 0.603330
Test 35, loss: 1.610034, test acc: 0.766667, test avg acc: 0.576025
Train 36, loss: 1.627524, train acc: 0.758523, train avg acc: 0.557485
Test 36, loss: 1.627451, test acc: 0.766667, test avg acc: 0.565731
Train 37, loss: 1.634832, train acc: 0.781250, train avg acc: 0.589160
Test 37, loss: 1.625070, test acc: 0.755556, test avg acc: 0.568226
Train 38, loss: 1.636241, train acc: 0.809659, train avg acc: 0.604468
Test 38, loss: 1.667870, test acc: 0.722222, test avg acc: 0.500735
Train 39, loss: 1.613980, train acc: 0.812500, train avg acc: 0.639675
Test 39, loss: 1.639171, test acc: 0.755556, test avg acc: 0.563302
Train 40, loss: 1.624111, train acc: 0.809659, train avg acc: 0.597446
Test 40, loss: 1.730503, test acc: 0.711111, test avg acc: 0.508824
Train 41, loss: 1.625159, train acc: 0.829545, train avg acc: 0.626573
Test 41, loss: 1.605490, test acc: 0.788889, test avg acc: 0.580214
Train 42, loss: 1.667404, train acc: 0.795455, train avg acc: 0.594491
Test 42, loss: 1.588540, test acc: 0.800000, test avg acc: 0.617335
Train 43, loss: 1.632163, train acc: 0.789773, train avg acc: 0.589179
Test 43, loss: 1.601868, test acc: 0.766667, test avg acc: 0.605125
Train 44, loss: 1.616829, train acc: 0.798295, train avg acc: 0.599106
Test 44, loss: 1.654593, test acc: 0.744444, test avg acc: 0.565575
Train 45, loss: 1.598980, train acc: 0.815341, train avg acc: 0.616055
Test 45, loss: 1.590280, test acc: 0.811111, test avg acc: 0.600290
Train 46, loss: 1.595934, train acc: 0.806818, train avg acc: 0.611398
Test 46, loss: 1.626540, test acc: 0.777778, test avg acc: 0.568382
Train 47, loss: 1.620535, train acc: 0.792614, train avg acc: 0.587464
Test 47, loss: 1.592839, test acc: 0.755556, test avg acc: 0.553231
Train 48, loss: 1.577878, train acc: 0.818182, train avg acc: 0.616876
Test 48, loss: 1.623868, test acc: 0.766667, test avg acc: 0.555660
Train 49, loss: 1.586718, train acc: 0.823864, train avg acc: 0.623495
Test 49, loss: 1.657404, test acc: 0.755556, test avg acc: 0.553231
Train 50, loss: 1.619603, train acc: 0.792614, train avg acc: 0.597589
Test 50, loss: 1.752418, test acc: 0.711111, test avg acc: 0.503231
Train 51, loss: 1.579734, train acc: 0.832386, train avg acc: 0.619683
Test 51, loss: 1.781788, test acc: 0.733333, test avg acc: 0.533378
Train 52, loss: 1.632649, train acc: 0.801136, train avg acc: 0.606753
Test 52, loss: 1.599733, test acc: 0.766667, test avg acc: 0.555437
Train 53, loss: 1.633655, train acc: 0.789773, train avg acc: 0.580465
Test 53, loss: 1.596070, test acc: 0.833333, test avg acc: 0.635807
Train 54, loss: 1.572304, train acc: 0.843750, train avg acc: 0.636890
Test 54, loss: 1.576853, test acc: 0.855556, test avg acc: 0.660584
Train 55, loss: 1.581594, train acc: 0.821023, train avg acc: 0.620283
Test 55, loss: 1.542293, test acc: 0.822222, test avg acc: 0.623084
Train 56, loss: 1.580228, train acc: 0.832386, train avg acc: 0.628582
Test 56, loss: 1.598265, test acc: 0.777778, test avg acc: 0.578454
Train 57, loss: 1.556906, train acc: 0.849432, train avg acc: 0.634706
Test 57, loss: 1.568493, test acc: 0.822222, test avg acc: 0.628231
Train 58, loss: 1.592753, train acc: 0.818182, train avg acc: 0.623411
Test 58, loss: 1.551010, test acc: 0.855556, test avg acc: 0.655660
Train 59, loss: 1.566786, train acc: 0.809659, train avg acc: 0.603818
Test 59, loss: 1.509110, test acc: 0.866667, test avg acc: 0.657865
Train 60, loss: 1.569616, train acc: 0.832386, train avg acc: 0.622262
Test 60, loss: 1.588127, test acc: 0.788889, test avg acc: 0.575512
Train 61, loss: 1.565033, train acc: 0.835227, train avg acc: 0.623827
Test 61, loss: 1.566340, test acc: 0.777778, test avg acc: 0.573084
Train 62, loss: 1.562014, train acc: 0.835227, train avg acc: 0.666012
Test 62, loss: 1.676903, test acc: 0.711111, test avg acc: 0.508155
Train 63, loss: 1.562643, train acc: 0.838068, train avg acc: 0.630973
Test 63, loss: 1.527331, test acc: 0.822222, test avg acc: 0.632932
Train 64, loss: 1.573770, train acc: 0.835227, train avg acc: 0.625765
Test 64, loss: 1.526267, test acc: 0.833333, test avg acc: 0.625512
Train 65, loss: 1.546774, train acc: 0.846591, train avg acc: 0.634313
Test 65, loss: 1.612860, test acc: 0.766667, test avg acc: 0.550290
Train 66, loss: 1.555947, train acc: 0.840909, train avg acc: 0.627188
Test 66, loss: 1.576689, test acc: 0.777778, test avg acc: 0.568382
Train 67, loss: 1.599199, train acc: 0.792614, train avg acc: 0.589036
Test 67, loss: 1.592862, test acc: 0.811111, test avg acc: 0.625357
Train 68, loss: 1.594686, train acc: 0.803977, train avg acc: 0.601753
Test 68, loss: 1.549586, test acc: 0.800000, test avg acc: 0.587567
Train 69, loss: 1.564345, train acc: 0.829545, train avg acc: 0.619658
Test 69, loss: 1.534955, test acc: 0.822222, test avg acc: 0.618160
Train 70, loss: 1.571377, train acc: 0.826705, train avg acc: 0.617054
Test 70, loss: 1.543404, test acc: 0.788889, test avg acc: 0.615352
Train 71, loss: 1.540365, train acc: 0.843750, train avg acc: 0.636841
Test 71, loss: 1.583545, test acc: 0.755556, test avg acc: 0.548307
Train 72, loss: 1.559966, train acc: 0.846591, train avg acc: 0.629923
Test 72, loss: 1.498706, test acc: 0.822222, test avg acc: 0.623307
Train 73, loss: 1.548369, train acc: 0.840909, train avg acc: 0.636517
Test 73, loss: 1.586478, test acc: 0.777778, test avg acc: 0.567937
Train 74, loss: 1.576858, train acc: 0.829545, train avg acc: 0.628370
Test 74, loss: 1.516468, test acc: 0.811111, test avg acc: 0.605660
Train 75, loss: 1.537913, train acc: 0.860795, train avg acc: 0.641242
Test 75, loss: 1.528214, test acc: 0.811111, test avg acc: 0.595588
Train 76, loss: 1.534837, train acc: 0.860795, train avg acc: 0.648778
Test 76, loss: 1.565566, test acc: 0.788889, test avg acc: 0.610428
Train 77, loss: 1.552775, train acc: 0.846591, train avg acc: 0.632997
Test 77, loss: 1.590104, test acc: 0.800000, test avg acc: 0.588012
Train 78, loss: 1.551557, train acc: 0.826705, train avg acc: 0.626202
Test 78, loss: 1.541510, test acc: 0.855556, test avg acc: 0.655660
Train 79, loss: 1.509143, train acc: 0.857955, train avg acc: 0.647631
Test 79, loss: 1.512459, test acc: 0.844444, test avg acc: 0.627718
Train 80, loss: 1.524641, train acc: 0.869318, train avg acc: 0.654390
Test 80, loss: 1.529291, test acc: 0.833333, test avg acc: 0.620365
Train 81, loss: 1.521991, train acc: 0.860795, train avg acc: 0.645797
Test 81, loss: 1.589714, test acc: 0.811111, test avg acc: 0.600512
Train 82, loss: 1.540734, train acc: 0.838068, train avg acc: 0.641723
Test 82, loss: 1.575493, test acc: 0.788889, test avg acc: 0.585361
Train 83, loss: 1.545066, train acc: 0.843750, train avg acc: 0.628569
Test 83, loss: 1.506253, test acc: 0.822222, test avg acc: 0.627785
Train 84, loss: 1.547216, train acc: 0.840909, train avg acc: 0.633562
Test 84, loss: 1.587915, test acc: 0.800000, test avg acc: 0.592937
Train 85, loss: 1.570649, train acc: 0.815341, train avg acc: 0.613310
Test 85, loss: 1.562916, test acc: 0.800000, test avg acc: 0.623596
Train 86, loss: 1.532792, train acc: 0.852273, train avg acc: 0.639513
Test 86, loss: 1.534207, test acc: 0.822222, test avg acc: 0.613012
Train 87, loss: 1.501534, train acc: 0.863636, train avg acc: 0.653084
Test 87, loss: 1.566194, test acc: 0.766667, test avg acc: 0.560584
Train 88, loss: 1.556772, train acc: 0.846591, train avg acc: 0.640096
Test 88, loss: 1.530585, test acc: 0.811111, test avg acc: 0.610807
Train 89, loss: 1.528170, train acc: 0.852273, train avg acc: 0.637185
Test 89, loss: 1.559177, test acc: 0.766667, test avg acc: 0.555437
Train 90, loss: 1.543443, train acc: 0.846591, train avg acc: 0.663440
Test 90, loss: 1.504282, test acc: 0.844444, test avg acc: 0.643160
Train 91, loss: 1.503717, train acc: 0.852273, train avg acc: 0.641243
Test 91, loss: 1.492339, test acc: 0.855556, test avg acc: 0.665508
Train 92, loss: 1.519551, train acc: 0.877841, train avg acc: 0.659572
Test 92, loss: 1.543173, test acc: 0.800000, test avg acc: 0.598307
Train 93, loss: 1.518214, train acc: 0.855114, train avg acc: 0.644771
Test 93, loss: 1.518095, test acc: 0.844444, test avg acc: 0.653231
Train 94, loss: 1.530986, train acc: 0.857955, train avg acc: 0.644065
Test 94, loss: 1.561891, test acc: 0.811111, test avg acc: 0.585071
Train 95, loss: 1.530550, train acc: 0.855114, train avg acc: 0.649400
Test 95, loss: 1.568452, test acc: 0.788889, test avg acc: 0.585584
Train 96, loss: 1.515509, train acc: 0.863636, train avg acc: 0.648965
Test 96, loss: 1.520822, test acc: 0.833333, test avg acc: 0.625512
Train 97, loss: 1.571817, train acc: 0.818182, train avg acc: 0.616285
Test 97, loss: 1.595330, test acc: 0.844444, test avg acc: 0.648084
Train 98, loss: 1.542300, train acc: 0.838068, train avg acc: 0.629093
Test 98, loss: 1.485523, test acc: 0.866667, test avg acc: 0.667714
Train 99, loss: 1.557630, train acc: 0.852273, train avg acc: 0.639867
Test 99, loss: 1.517221, test acc: 0.877778, test avg acc: 0.675290
Train 100, loss: 1.539555, train acc: 0.846591, train avg acc: 0.637256
Test 100, loss: 1.525086, test acc: 0.844444, test avg acc: 0.638012
Train 101, loss: 1.523072, train acc: 0.855114, train avg acc: 0.650298
Test 101, loss: 1.639647, test acc: 0.777778, test avg acc: 0.568160
Train 102, loss: 1.503287, train acc: 0.857955, train avg acc: 0.645066
Test 102, loss: 1.593745, test acc: 0.800000, test avg acc: 0.587790
Train 103, loss: 1.545569, train acc: 0.843750, train avg acc: 0.631441
Test 103, loss: 1.579968, test acc: 0.822222, test avg acc: 0.607865
Train 104, loss: 1.515830, train acc: 0.863636, train avg acc: 0.657882
Test 104, loss: 1.522377, test acc: 0.811111, test avg acc: 0.610807
Train 105, loss: 1.497330, train acc: 0.894886, train avg acc: 0.672351
Test 105, loss: 1.507510, test acc: 0.833333, test avg acc: 0.625512
Train 106, loss: 1.488701, train acc: 0.883523, train avg acc: 0.665983
Test 106, loss: 1.486891, test acc: 0.877778, test avg acc: 0.670365
Train 107, loss: 1.500316, train acc: 0.857955, train avg acc: 0.651059
Test 107, loss: 1.463555, test acc: 0.900000, test avg acc: 0.685071
Train 108, loss: 1.533446, train acc: 0.852273, train avg acc: 0.644786
Test 108, loss: 1.495388, test acc: 0.844444, test avg acc: 0.633088
Train 109, loss: 1.505710, train acc: 0.875000, train avg acc: 0.663530
Test 109, loss: 1.473214, test acc: 0.900000, test avg acc: 0.680147
Train 110, loss: 1.493871, train acc: 0.860795, train avg acc: 0.644420
Test 110, loss: 1.483561, test acc: 0.877778, test avg acc: 0.660294
Train 111, loss: 1.530661, train acc: 0.846591, train avg acc: 0.642771
Test 111, loss: 1.557438, test acc: 0.800000, test avg acc: 0.618449
Train 112, loss: 1.519427, train acc: 0.860795, train avg acc: 0.652163
Test 112, loss: 1.572250, test acc: 0.811111, test avg acc: 0.590218
Train 113, loss: 1.497271, train acc: 0.857955, train avg acc: 0.642089
Test 113, loss: 1.469814, test acc: 0.888889, test avg acc: 0.677718
Train 114, loss: 1.517723, train acc: 0.857955, train avg acc: 0.650926
Test 114, loss: 1.456065, test acc: 0.900000, test avg acc: 0.689996
Train 115, loss: 1.501565, train acc: 0.872159, train avg acc: 0.683199
Test 115, loss: 1.471666, test acc: 0.900000, test avg acc: 0.685071
Train 116, loss: 1.501328, train acc: 0.875000, train avg acc: 0.665459
Test 116, loss: 1.503659, test acc: 0.877778, test avg acc: 0.660071
Train 117, loss: 1.515525, train acc: 0.843750, train avg acc: 0.640411
Test 117, loss: 1.506945, test acc: 0.888889, test avg acc: 0.677941
Train 118, loss: 1.499253, train acc: 0.866477, train avg acc: 0.656918
Test 118, loss: 1.530434, test acc: 0.800000, test avg acc: 0.603454
Train 119, loss: 1.500278, train acc: 0.872159, train avg acc: 0.657197
Test 119, loss: 1.470372, test acc: 0.900000, test avg acc: 0.685071
Train 120, loss: 1.496432, train acc: 0.866477, train avg acc: 0.657656
Test 120, loss: 1.530679, test acc: 0.822222, test avg acc: 0.607865
Namespace(exp_name='exp', model='dgcnn', dataset='modelnet40', batch_size=32, test_batch_size=16, epochs=250, use_sgd=False, lr=0.001, momentum=0.9, no_cuda=False, seed=1, eval=False, num_points=2048, dropout=0.4, emb_dims=1024, k=20, model_path='')
Train 0, loss: 2.856959, train acc: 0.494318, train avg acc: 0.417119
Test 0, loss: 2.763135, test acc: 0.422222, test avg acc: 0.366667
Train 1, loss: 2.041090, train acc: 0.642045, train avg acc: 0.472212
Test 1, loss: 2.011643, test acc: 0.577778, test avg acc: 0.470499
Train 2, loss: 1.836651, train acc: 0.690341, train avg acc: 0.507104
Test 2, loss: 1.934014, test acc: 0.588889, test avg acc: 0.432643
Train 3, loss: 1.798632, train acc: 0.710227, train avg acc: 0.539646
Test 3, loss: 1.811475, test acc: 0.655556, test avg acc: 0.491979
Train 4, loss: 1.747815, train acc: 0.721591, train avg acc: 0.546450
Test 4, loss: 1.766023, test acc: 0.700000, test avg acc: 0.521613
Train 5, loss: 1.702661, train acc: 0.758523, train avg acc: 0.570240
Test 5, loss: 1.722443, test acc: 0.700000, test avg acc: 0.521168
Train 6, loss: 1.737937, train acc: 0.735795, train avg acc: 0.551296
Test 6, loss: 1.685847, test acc: 0.800000, test avg acc: 0.622928
Train 7, loss: 1.712000, train acc: 0.755682, train avg acc: 0.599853
Test 7, loss: 1.705276, test acc: 0.711111, test avg acc: 0.528743
Train 8, loss: 1.666653, train acc: 0.778409, train avg acc: 0.574635
Test 8, loss: 1.683538, test acc: 0.755556, test avg acc: 0.563302
Train 9, loss: 1.641335, train acc: 0.803977, train avg acc: 0.615080
Test 9, loss: 1.673141, test acc: 0.744444, test avg acc: 0.555949
Train 10, loss: 1.665091, train acc: 0.806818, train avg acc: 0.615516
Test 10, loss: 1.759938, test acc: 0.766667, test avg acc: 0.555660
Train 11, loss: 1.674285, train acc: 0.789773, train avg acc: 0.592427
Test 11, loss: 1.857395, test acc: 0.722222, test avg acc: 0.571012
Train 12, loss: 1.652098, train acc: 0.812500, train avg acc: 0.610929
Test 12, loss: 1.697938, test acc: 0.722222, test avg acc: 0.525579
Train 13, loss: 1.614163, train acc: 0.843750, train avg acc: 0.644198
Test 13, loss: 1.664907, test acc: 0.800000, test avg acc: 0.603454
Train 14, loss: 1.646386, train acc: 0.801136, train avg acc: 0.601383
Test 14, loss: 1.645984, test acc: 0.777778, test avg acc: 0.578454
Train 15, loss: 1.620665, train acc: 0.815341, train avg acc: 0.643316
Test 15, loss: 1.632215, test acc: 0.811111, test avg acc: 0.636096
Train 16, loss: 1.587808, train acc: 0.829545, train avg acc: 0.660424
Test 16, loss: 1.536821, test acc: 0.833333, test avg acc: 0.625512
Train 17, loss: 1.564169, train acc: 0.846591, train avg acc: 0.643195
Test 17, loss: 1.727956, test acc: 0.722222, test avg acc: 0.531395
Train 18, loss: 1.593811, train acc: 0.840909, train avg acc: 0.638412
Test 18, loss: 1.579285, test acc: 0.844444, test avg acc: 0.657709
Train 19, loss: 1.579888, train acc: 0.852273, train avg acc: 0.650334
Test 19, loss: 1.560998, test acc: 0.855556, test avg acc: 0.665731
Train 20, loss: 1.536340, train acc: 0.860795, train avg acc: 0.655504
Test 20, loss: 1.533114, test acc: 0.866667, test avg acc: 0.668382
Train 21, loss: 1.588913, train acc: 0.843750, train avg acc: 0.640120
Test 21, loss: 1.699688, test acc: 0.722222, test avg acc: 0.500735
Train 22, loss: 1.526512, train acc: 0.872159, train avg acc: 0.665749
Test 22, loss: 1.558282, test acc: 0.855556, test avg acc: 0.660807
Train 23, loss: 1.556794, train acc: 0.866477, train avg acc: 0.657587
Test 23, loss: 1.657125, test acc: 0.788889, test avg acc: 0.580437
Train 24, loss: 1.518458, train acc: 0.863636, train avg acc: 0.665713
Test 24, loss: 1.646321, test acc: 0.833333, test avg acc: 0.615441
Train 25, loss: 1.521905, train acc: 0.857955, train avg acc: 0.651256
Test 25, loss: 1.536705, test acc: 0.866667, test avg acc: 0.667937
Train 26, loss: 1.553765, train acc: 0.866477, train avg acc: 0.654471
Test 26, loss: 1.677943, test acc: 0.788889, test avg acc: 0.580660
Train 27, loss: 1.498700, train acc: 0.897727, train avg acc: 0.686217
Test 27, loss: 1.494746, test acc: 0.855556, test avg acc: 0.645588
Train 28, loss: 1.495083, train acc: 0.883523, train avg acc: 0.678773
Test 28, loss: 1.504188, test acc: 0.877778, test avg acc: 0.665441
Train 29, loss: 1.488930, train acc: 0.911932, train avg acc: 0.700898
Test 29, loss: 1.473315, test acc: 0.888889, test avg acc: 0.683088
Train 30, loss: 1.445366, train acc: 0.926136, train avg acc: 0.709978
Test 30, loss: 1.658383, test acc: 0.788889, test avg acc: 0.580660
Train 31, loss: 1.447435, train acc: 0.900568, train avg acc: 0.693273
Test 31, loss: 1.461680, test acc: 0.922222, test avg acc: 0.715441
Train 32, loss: 1.433972, train acc: 0.934659, train avg acc: 0.718949
Test 32, loss: 1.525984, test acc: 0.844444, test avg acc: 0.648529
Train 33, loss: 1.493790, train acc: 0.897727, train avg acc: 0.687304
Test 33, loss: 1.698053, test acc: 0.777778, test avg acc: 0.563012
Train 34, loss: 1.453124, train acc: 0.909091, train avg acc: 0.696562
Test 34, loss: 1.634584, test acc: 0.811111, test avg acc: 0.605437
Train 35, loss: 1.450699, train acc: 0.892045, train avg acc: 0.682398
Test 35, loss: 1.494043, test acc: 0.911111, test avg acc: 0.713012
Train 36, loss: 1.492717, train acc: 0.897727, train avg acc: 0.689981
Test 36, loss: 1.568608, test acc: 0.833333, test avg acc: 0.625512
Train 37, loss: 1.455870, train acc: 0.903409, train avg acc: 0.691265
Test 37, loss: 1.487999, test acc: 0.855556, test avg acc: 0.660584
Train 38, loss: 1.484651, train acc: 0.903409, train avg acc: 0.691886
Test 38, loss: 1.560995, test acc: 0.811111, test avg acc: 0.595588
Train 39, loss: 1.468657, train acc: 0.917614, train avg acc: 0.703592
Test 39, loss: 1.616716, test acc: 0.811111, test avg acc: 0.620878
Train 40, loss: 1.445028, train acc: 0.897727, train avg acc: 0.690375
Test 40, loss: 1.562544, test acc: 0.811111, test avg acc: 0.610807
Train 41, loss: 1.442669, train acc: 0.917614, train avg acc: 0.729757
Test 41, loss: 1.519739, test acc: 0.866667, test avg acc: 0.673307
Train 42, loss: 1.422076, train acc: 0.920455, train avg acc: 0.704082
Test 42, loss: 1.458406, test acc: 0.877778, test avg acc: 0.741199
Train 43, loss: 1.429112, train acc: 0.920455, train avg acc: 0.708309
Test 43, loss: 1.563426, test acc: 0.800000, test avg acc: 0.648775
Train 44, loss: 1.431893, train acc: 0.926136, train avg acc: 0.705550
Test 44, loss: 1.455279, test acc: 0.900000, test avg acc: 0.690441
Train 45, loss: 1.449064, train acc: 0.923295, train avg acc: 0.713109
Test 45, loss: 1.542352, test acc: 0.866667, test avg acc: 0.658088
Train 46, loss: 1.441879, train acc: 0.926136, train avg acc: 0.736957
Test 46, loss: 1.556740, test acc: 0.811111, test avg acc: 0.595588
Train 47, loss: 1.416575, train acc: 0.926136, train avg acc: 0.711880
Test 47, loss: 1.453081, test acc: 0.900000, test avg acc: 0.685294
Train 48, loss: 1.387359, train acc: 0.946023, train avg acc: 0.724627
Test 48, loss: 1.502788, test acc: 0.855556, test avg acc: 0.650512
Train 49, loss: 1.413107, train acc: 0.926136, train avg acc: 0.710479
Test 49, loss: 1.503402, test acc: 0.844444, test avg acc: 0.638012
Train 50, loss: 1.451447, train acc: 0.909091, train avg acc: 0.701694
Test 50, loss: 1.504464, test acc: 0.877778, test avg acc: 0.725980
Train 51, loss: 1.405630, train acc: 0.926136, train avg acc: 0.708846
Test 51, loss: 1.437580, test acc: 0.877778, test avg acc: 0.675512
Train 52, loss: 1.469581, train acc: 0.886364, train avg acc: 0.676495
Test 52, loss: 1.483922, test acc: 0.877778, test avg acc: 0.736275
Train 53, loss: 1.420903, train acc: 0.931818, train avg acc: 0.769416
Test 53, loss: 1.509817, test acc: 0.811111, test avg acc: 0.766578
Train 54, loss: 1.410752, train acc: 0.928977, train avg acc: 0.739734
Test 54, loss: 1.416604, test acc: 0.911111, test avg acc: 0.702941
Train 55, loss: 1.387231, train acc: 0.940341, train avg acc: 0.720718
Test 55, loss: 1.462610, test acc: 0.866667, test avg acc: 0.657865
Train 56, loss: 1.366735, train acc: 0.954545, train avg acc: 0.758541
Test 56, loss: 1.429605, test acc: 0.900000, test avg acc: 0.680147
Train 57, loss: 1.406640, train acc: 0.923295, train avg acc: 0.771668
Test 57, loss: 1.552561, test acc: 0.833333, test avg acc: 0.620365
Train 58, loss: 1.404690, train acc: 0.928977, train avg acc: 0.740192
Test 58, loss: 1.491413, test acc: 0.888889, test avg acc: 0.743405
Train 59, loss: 1.400309, train acc: 0.937500, train avg acc: 0.820191
Test 59, loss: 1.445613, test acc: 0.900000, test avg acc: 0.685071
Train 60, loss: 1.385175, train acc: 0.954545, train avg acc: 0.758699
Test 60, loss: 1.517321, test acc: 0.855556, test avg acc: 0.736119
Train 61, loss: 1.376197, train acc: 0.960227, train avg acc: 0.792162
Test 61, loss: 1.466041, test acc: 0.888889, test avg acc: 0.677718
Train 62, loss: 1.351359, train acc: 0.965909, train avg acc: 0.740901
Test 62, loss: 1.510964, test acc: 0.844444, test avg acc: 0.648084
Train 63, loss: 1.381294, train acc: 0.937500, train avg acc: 0.745770
Test 63, loss: 1.436944, test acc: 0.911111, test avg acc: 0.697571
Train 64, loss: 1.381874, train acc: 0.957386, train avg acc: 0.737455
Test 64, loss: 1.572664, test acc: 0.855556, test avg acc: 0.781662
Train 65, loss: 1.437719, train acc: 0.926136, train avg acc: 0.760491
Test 65, loss: 1.583550, test acc: 0.833333, test avg acc: 0.701716
Train 66, loss: 1.422150, train acc: 0.928977, train avg acc: 0.734663
Test 66, loss: 1.509834, test acc: 0.877778, test avg acc: 0.675290
Train 67, loss: 1.396531, train acc: 0.926136, train avg acc: 0.762942
Test 67, loss: 1.470325, test acc: 0.911111, test avg acc: 0.758333
Train 68, loss: 1.382295, train acc: 0.946023, train avg acc: 0.801633
Test 68, loss: 1.520314, test acc: 0.833333, test avg acc: 0.716711
Train 69, loss: 1.347645, train acc: 0.965909, train avg acc: 0.799024
Test 69, loss: 1.411503, test acc: 0.911111, test avg acc: 0.692647
Train 70, loss: 1.357154, train acc: 0.954545, train avg acc: 0.732778
Test 70, loss: 1.414446, test acc: 0.922222, test avg acc: 0.781127
Train 71, loss: 1.380251, train acc: 0.951705, train avg acc: 0.758136
Test 71, loss: 1.537997, test acc: 0.855556, test avg acc: 0.640441
Train 72, loss: 1.385533, train acc: 0.954545, train avg acc: 0.791165
Test 72, loss: 1.481405, test acc: 0.866667, test avg acc: 0.728253
Train 73, loss: 1.352494, train acc: 0.960227, train avg acc: 0.765087
Test 73, loss: 1.517052, test acc: 0.844444, test avg acc: 0.638235
Train 74, loss: 1.353400, train acc: 0.971591, train avg acc: 0.850242
Test 74, loss: 1.541714, test acc: 0.855556, test avg acc: 0.700980
Train 75, loss: 1.369816, train acc: 0.940341, train avg acc: 0.746407
Test 75, loss: 1.460407, test acc: 0.900000, test avg acc: 0.745833
Train 76, loss: 1.354154, train acc: 0.968750, train avg acc: 0.874659
Test 76, loss: 1.503532, test acc: 0.866667, test avg acc: 0.723329
Train 77, loss: 1.344880, train acc: 0.957386, train avg acc: 0.823091
Test 77, loss: 1.491896, test acc: 0.855556, test avg acc: 0.731417
Train 78, loss: 1.343602, train acc: 0.965909, train avg acc: 0.766469
Test 78, loss: 1.453019, test acc: 0.911111, test avg acc: 0.768182
Train 79, loss: 1.359368, train acc: 0.954545, train avg acc: 0.889610
Test 79, loss: 1.419874, test acc: 0.922222, test avg acc: 0.786052
Train 80, loss: 1.358671, train acc: 0.954545, train avg acc: 0.759727
Test 80, loss: 1.529677, test acc: 0.866667, test avg acc: 0.819675
Train 81, loss: 1.340950, train acc: 0.968750, train avg acc: 0.860276
Test 81, loss: 1.447518, test acc: 0.911111, test avg acc: 0.763258
Train 82, loss: 1.350389, train acc: 0.974432, train avg acc: 0.853291
Test 82, loss: 1.434977, test acc: 0.933333, test avg acc: 0.793627
Train 83, loss: 1.345611, train acc: 0.971591, train avg acc: 0.875484
Test 83, loss: 1.423663, test acc: 0.900000, test avg acc: 0.685294
Train 84, loss: 1.324319, train acc: 0.968750, train avg acc: 0.875639
Test 84, loss: 1.499204, test acc: 0.877778, test avg acc: 0.826805
Train 85, loss: 1.337007, train acc: 0.968750, train avg acc: 0.847787
Test 85, loss: 1.484676, test acc: 0.877778, test avg acc: 0.736052
Train 86, loss: 1.337882, train acc: 0.954545, train avg acc: 0.810695
Test 86, loss: 1.511777, test acc: 0.855556, test avg acc: 0.872415
Train 87, loss: 1.358135, train acc: 0.951705, train avg acc: 0.836059
Test 87, loss: 1.435241, test acc: 0.911111, test avg acc: 0.768627
Train 88, loss: 1.325290, train acc: 0.971591, train avg acc: 0.875981
Test 88, loss: 1.369735, test acc: 0.933333, test avg acc: 0.793405
Train 89, loss: 1.315457, train acc: 0.963068, train avg acc: 0.767472
Test 89, loss: 1.476520, test acc: 0.900000, test avg acc: 0.750980
Train 90, loss: 1.341195, train acc: 0.960227, train avg acc: 0.865942
Test 90, loss: 1.428548, test acc: 0.922222, test avg acc: 0.786275
Train 91, loss: 1.326267, train acc: 0.982955, train avg acc: 0.885599
Test 91, loss: 1.422459, test acc: 0.922222, test avg acc: 0.786052
Train 92, loss: 1.330123, train acc: 0.965909, train avg acc: 0.896415
Test 92, loss: 1.578481, test acc: 0.888889, test avg acc: 0.743627
Train 93, loss: 1.345096, train acc: 0.960227, train avg acc: 0.869351
Test 93, loss: 1.470472, test acc: 0.877778, test avg acc: 0.746123
Train 94, loss: 1.353577, train acc: 0.960227, train avg acc: 0.840073
Test 94, loss: 1.457821, test acc: 0.911111, test avg acc: 0.773552
Train 95, loss: 1.337797, train acc: 0.977273, train avg acc: 0.854766
Test 95, loss: 1.532587, test acc: 0.855556, test avg acc: 0.721123
Train 96, loss: 1.346799, train acc: 0.965909, train avg acc: 0.821373
Test 96, loss: 1.433670, test acc: 0.911111, test avg acc: 0.768182
Train 97, loss: 1.338224, train acc: 0.971591, train avg acc: 0.859165
Test 97, loss: 1.471979, test acc: 0.844444, test avg acc: 0.718249
Train 98, loss: 1.322837, train acc: 0.974432, train avg acc: 0.905191
Test 98, loss: 1.536788, test acc: 0.855556, test avg acc: 0.721123
Train 99, loss: 1.357429, train acc: 0.960227, train avg acc: 0.885230
Test 99, loss: 1.509241, test acc: 0.900000, test avg acc: 0.756127
Train 100, loss: 1.330764, train acc: 0.968750, train avg acc: 0.872948
Test 100, loss: 1.539018, test acc: 0.855556, test avg acc: 0.726270
Train 101, loss: 1.376421, train acc: 0.946023, train avg acc: 0.805711
Test 101, loss: 1.575696, test acc: 0.866667, test avg acc: 0.739216
Train 102, loss: 1.388518, train acc: 0.931818, train avg acc: 0.896080
Test 102, loss: 1.573496, test acc: 0.877778, test avg acc: 0.660294
Train 103, loss: 1.340729, train acc: 0.968750, train avg acc: 0.807619
Test 103, loss: 1.522097, test acc: 0.866667, test avg acc: 0.809381
Train 104, loss: 1.350057, train acc: 0.963068, train avg acc: 0.869028
Test 104, loss: 1.502425, test acc: 0.888889, test avg acc: 0.748552
Train 105, loss: 1.338872, train acc: 0.960227, train avg acc: 0.852454
Test 105, loss: 1.529429, test acc: 0.877778, test avg acc: 0.725980
Train 106, loss: 1.357182, train acc: 0.960227, train avg acc: 0.915931
Test 106, loss: 1.567681, test acc: 0.844444, test avg acc: 0.708623
Train 107, loss: 1.327428, train acc: 0.977273, train avg acc: 0.881569
Test 107, loss: 1.457475, test acc: 0.922222, test avg acc: 0.786052
Train 108, loss: 1.333321, train acc: 0.968750, train avg acc: 0.849296
Test 108, loss: 1.468530, test acc: 0.888889, test avg acc: 0.753699
Train 109, loss: 1.305651, train acc: 0.985795, train avg acc: 0.937986
Test 109, loss: 1.524874, test acc: 0.877778, test avg acc: 0.736052
Train 110, loss: 1.308894, train acc: 0.988636, train avg acc: 0.939980
Test 110, loss: 1.460258, test acc: 0.911111, test avg acc: 0.768405
Train 111, loss: 1.301888, train acc: 0.988636, train avg acc: 0.939743
Test 111, loss: 1.455766, test acc: 0.922222, test avg acc: 0.781127
Train 112, loss: 1.340477, train acc: 0.971591, train avg acc: 0.900479
Test 112, loss: 1.447444, test acc: 0.911111, test avg acc: 0.768405
Train 113, loss: 1.323597, train acc: 0.974432, train avg acc: 0.930233
Test 113, loss: 1.583715, test acc: 0.833333, test avg acc: 0.695900
Train 114, loss: 1.325628, train acc: 0.982955, train avg acc: 0.963327
Test 114, loss: 1.527449, test acc: 0.877778, test avg acc: 0.746123
Train 115, loss: 1.368218, train acc: 0.957386, train avg acc: 0.915629
Test 115, loss: 1.545018, test acc: 0.855556, test avg acc: 0.711052
Train 116, loss: 1.350760, train acc: 0.957386, train avg acc: 0.886430
Test 116, loss: 1.522249, test acc: 0.888889, test avg acc: 0.758846
Train 117, loss: 1.357610, train acc: 0.951705, train avg acc: 0.809138
Test 117, loss: 1.542512, test acc: 0.866667, test avg acc: 0.728699
Train 118, loss: 1.330806, train acc: 0.968750, train avg acc: 0.924923
Test 118, loss: 1.501716, test acc: 0.911111, test avg acc: 0.763480
Train 119, loss: 1.340570, train acc: 0.968750, train avg acc: 0.897391
Test 119, loss: 1.543303, test acc: 0.866667, test avg acc: 0.738993
Train 120, loss: 1.330361, train acc: 0.968750, train avg acc: 0.898016
Test 120, loss: 1.441012, test acc: 0.911111, test avg acc: 0.768405
Train 121, loss: 1.331346, train acc: 0.965909, train avg acc: 0.945139
Test 121, loss: 1.565081, test acc: 0.866667, test avg acc: 0.728922
Train 122, loss: 1.327203, train acc: 0.980114, train avg acc: 0.925271
Test 122, loss: 1.488815, test acc: 0.900000, test avg acc: 0.766199
Train 123, loss: 1.323542, train acc: 0.977273, train avg acc: 0.955717
Test 123, loss: 1.506820, test acc: 0.888889, test avg acc: 0.748552
Train 124, loss: 1.305662, train acc: 0.982955, train avg acc: 0.937733
Test 124, loss: 1.496809, test acc: 0.866667, test avg acc: 0.723552
Train 125, loss: 1.327255, train acc: 0.980114, train avg acc: 0.957004
Test 125, loss: 1.466692, test acc: 0.900000, test avg acc: 0.756127
Train 126, loss: 1.312725, train acc: 0.980114, train avg acc: 0.933292
Test 126, loss: 1.473940, test acc: 0.888889, test avg acc: 0.743627
Train 127, loss: 1.321479, train acc: 0.974432, train avg acc: 0.921286
Test 127, loss: 1.461033, test acc: 0.922222, test avg acc: 0.927496
Train 128, loss: 1.317561, train acc: 0.980114, train avg acc: 0.908304
Test 128, loss: 1.570015, test acc: 0.844444, test avg acc: 0.617647
Train 129, loss: 1.338263, train acc: 0.980114, train avg acc: 0.925244
Test 129, loss: 1.495972, test acc: 0.877778, test avg acc: 0.887567
Train 130, loss: 1.314763, train acc: 0.985795, train avg acc: 0.938840
Test 130, loss: 1.465997, test acc: 0.911111, test avg acc: 0.763258
Train 131, loss: 1.335266, train acc: 0.988636, train avg acc: 0.963997
Test 131, loss: 1.552522, test acc: 0.888889, test avg acc: 0.748775
Train 132, loss: 1.303578, train acc: 0.982955, train avg acc: 0.911061
Test 132, loss: 1.435611, test acc: 0.922222, test avg acc: 0.770833
Train 133, loss: 1.320658, train acc: 0.974432, train avg acc: 0.978803
Test 133, loss: 1.480122, test acc: 0.888889, test avg acc: 0.672794
Train 134, loss: 1.320073, train acc: 0.974432, train avg acc: 0.927803
Test 134, loss: 1.501074, test acc: 0.911111, test avg acc: 0.834091
Train 135, loss: 1.302783, train acc: 0.997159, train avg acc: 0.972222
Test 135, loss: 1.502724, test acc: 0.888889, test avg acc: 0.753476
Train 136, loss: 1.310615, train acc: 0.982955, train avg acc: 0.934551
Test 136, loss: 1.506649, test acc: 0.855556, test avg acc: 0.716199
Train 137, loss: 1.360069, train acc: 0.951705, train avg acc: 0.882129
Test 137, loss: 1.613769, test acc: 0.866667, test avg acc: 0.728922
Train 138, loss: 1.307799, train acc: 0.982955, train avg acc: 0.935195
Test 138, loss: 1.553937, test acc: 0.877778, test avg acc: 0.736275
Train 139, loss: 1.310674, train acc: 0.985795, train avg acc: 0.962142
Test 139, loss: 1.504855, test acc: 0.888889, test avg acc: 0.753922
Train 140, loss: 1.332846, train acc: 0.971591, train avg acc: 0.917954
Test 140, loss: 1.583243, test acc: 0.888889, test avg acc: 0.738480
Train 141, loss: 1.333706, train acc: 0.971591, train avg acc: 0.953619
Test 141, loss: 1.701119, test acc: 0.844444, test avg acc: 0.703922
Train 142, loss: 1.316731, train acc: 0.974432, train avg acc: 0.980265
Test 142, loss: 1.546706, test acc: 0.888889, test avg acc: 0.748775
Train 143, loss: 1.319429, train acc: 0.980114, train avg acc: 0.958252
Test 143, loss: 1.578540, test acc: 0.888889, test avg acc: 0.743627
Train 144, loss: 1.313486, train acc: 0.980114, train avg acc: 0.906781
Test 144, loss: 1.511100, test acc: 0.877778, test avg acc: 0.812032
Train 145, loss: 1.323604, train acc: 0.974432, train avg acc: 0.954986
Test 145, loss: 1.639810, test acc: 0.888889, test avg acc: 0.809314
Train 146, loss: 1.308798, train acc: 0.988636, train avg acc: 0.913580
Test 146, loss: 1.526765, test acc: 0.888889, test avg acc: 0.814238
Train 147, loss: 1.323638, train acc: 0.977273, train avg acc: 0.931240
Test 147, loss: 1.549914, test acc: 0.877778, test avg acc: 0.741422
Train 148, loss: 1.308159, train acc: 0.985795, train avg acc: 0.936702
Test 148, loss: 1.543455, test acc: 0.911111, test avg acc: 0.758333
Train 149, loss: 1.320514, train acc: 0.985795, train avg acc: 0.938840
Test 149, loss: 1.438443, test acc: 0.911111, test avg acc: 0.768627
Train 150, loss: 1.297831, train acc: 0.988636, train avg acc: 0.965809
Test 150, loss: 1.533181, test acc: 0.877778, test avg acc: 0.741422
Train 151, loss: 1.295380, train acc: 0.991477, train avg acc: 0.942767
Test 151, loss: 1.553242, test acc: 0.866667, test avg acc: 0.723775
Train 152, loss: 1.305849, train acc: 0.980114, train avg acc: 0.981445
Test 152, loss: 1.579165, test acc: 0.888889, test avg acc: 0.733333
Train 153, loss: 1.313130, train acc: 0.980114, train avg acc: 0.959072
Test 153, loss: 1.529107, test acc: 0.866667, test avg acc: 0.718627
Train 154, loss: 1.323625, train acc: 0.968750, train avg acc: 0.973441
Test 154, loss: 1.488191, test acc: 0.900000, test avg acc: 0.761052
Train 155, loss: 1.317631, train acc: 0.977273, train avg acc: 0.954687
Test 155, loss: 1.598907, test acc: 0.866667, test avg acc: 0.880214
Train 156, loss: 1.317976, train acc: 0.980114, train avg acc: 0.958252
Test 156, loss: 1.515510, test acc: 0.911111, test avg acc: 0.768627
Train 157, loss: 1.306624, train acc: 0.985795, train avg acc: 0.937502
Test 157, loss: 1.580152, test acc: 0.866667, test avg acc: 0.642647
Train 158, loss: 1.321324, train acc: 0.977273, train avg acc: 0.929909
Test 158, loss: 1.516813, test acc: 0.877778, test avg acc: 0.877496
Train 159, loss: 1.328479, train acc: 0.968750, train avg acc: 0.871905
Test 159, loss: 1.504483, test acc: 0.922222, test avg acc: 0.775980
Train 160, loss: 1.310067, train acc: 0.985795, train avg acc: 0.962196
Test 160, loss: 1.445595, test acc: 0.944444, test avg acc: 0.795833
Train 161, loss: 1.296559, train acc: 0.991477, train avg acc: 0.967509
Test 161, loss: 1.529896, test acc: 0.900000, test avg acc: 0.750758
Train 162, loss: 1.305332, train acc: 0.980114, train avg acc: 0.959531
Test 162, loss: 1.517957, test acc: 0.844444, test avg acc: 0.703476
Train 163, loss: 1.295050, train acc: 0.982955, train avg acc: 0.911056
Test 163, loss: 1.488378, test acc: 0.888889, test avg acc: 0.743627
Train 164, loss: 1.301982, train acc: 0.991477, train avg acc: 0.959821
Test 164, loss: 1.490705, test acc: 0.855556, test avg acc: 0.726047
Train 165, loss: 1.284892, train acc: 0.988636, train avg acc: 0.941133
Test 165, loss: 1.476531, test acc: 0.877778, test avg acc: 0.822103
Train 166, loss: 1.291642, train acc: 0.991477, train avg acc: 0.965349
Test 166, loss: 1.542411, test acc: 0.866667, test avg acc: 0.738770
Train 167, loss: 1.284723, train acc: 0.994318, train avg acc: 0.969246
Test 167, loss: 1.497643, test acc: 0.877778, test avg acc: 0.745677
Train 168, loss: 1.290061, train acc: 0.991477, train avg acc: 0.967496
Test 168, loss: 1.475018, test acc: 0.888889, test avg acc: 0.738258
Train 169, loss: 1.296177, train acc: 0.985795, train avg acc: 0.959419
Test 169, loss: 1.505985, test acc: 0.888889, test avg acc: 0.748552
Train 170, loss: 1.305098, train acc: 0.977273, train avg acc: 0.931605
Test 170, loss: 1.593606, test acc: 0.844444, test avg acc: 0.789528
Train 171, loss: 1.304928, train acc: 0.991477, train avg acc: 0.992331
Test 171, loss: 1.526836, test acc: 0.900000, test avg acc: 0.755905
Train 172, loss: 1.312435, train acc: 0.974432, train avg acc: 0.928645
Test 172, loss: 1.552120, test acc: 0.844444, test avg acc: 0.789750
Train 173, loss: 1.290112, train acc: 0.988636, train avg acc: 0.964458
Test 173, loss: 1.482251, test acc: 0.900000, test avg acc: 0.695588
Train 174, loss: 1.329108, train acc: 0.965909, train avg acc: 0.856634
Test 174, loss: 1.543563, test acc: 0.833333, test avg acc: 0.625290
Train 175, loss: 1.336186, train acc: 0.974432, train avg acc: 0.978705
Test 175, loss: 1.511971, test acc: 0.900000, test avg acc: 0.831885
Train 176, loss: 1.297127, train acc: 0.988636, train avg acc: 0.993333
Test 176, loss: 1.510416, test acc: 0.900000, test avg acc: 0.761052
Train 177, loss: 1.302375, train acc: 0.985795, train avg acc: 0.959541
Test 177, loss: 1.515112, test acc: 0.900000, test avg acc: 0.756127
Train 178, loss: 1.337047, train acc: 0.965909, train avg acc: 0.921278
Test 178, loss: 1.474070, test acc: 0.900000, test avg acc: 0.766199
Train 179, loss: 1.344874, train acc: 0.963068, train avg acc: 0.895436
Test 179, loss: 1.541305, test acc: 0.866667, test avg acc: 0.794608
Train 180, loss: 1.318343, train acc: 0.985795, train avg acc: 0.964212
Test 180, loss: 1.570574, test acc: 0.844444, test avg acc: 0.638012
Train 181, loss: 1.317790, train acc: 0.971591, train avg acc: 0.950535
Test 181, loss: 1.544797, test acc: 0.833333, test avg acc: 0.625067
Train 182, loss: 1.328112, train acc: 0.965909, train avg acc: 0.894002
Test 182, loss: 1.552550, test acc: 0.844444, test avg acc: 0.789973
Train 183, loss: 1.307882, train acc: 0.982955, train avg acc: 0.986796
Test 183, loss: 1.459391, test acc: 0.922222, test avg acc: 0.781127
Train 184, loss: 1.318076, train acc: 0.988636, train avg acc: 0.966631
Test 184, loss: 1.475799, test acc: 0.888889, test avg acc: 0.753699
Train 185, loss: 1.302063, train acc: 0.980114, train avg acc: 0.908623
Test 185, loss: 1.577240, test acc: 0.855556, test avg acc: 0.695833
Train 186, loss: 1.311533, train acc: 0.988636, train avg acc: 0.965237
Test 186, loss: 1.422194, test acc: 0.922222, test avg acc: 0.786275
Train 187, loss: 1.303125, train acc: 0.980114, train avg acc: 0.958872
Test 187, loss: 1.464844, test acc: 0.911111, test avg acc: 0.778699
Train 188, loss: 1.290725, train acc: 0.994318, train avg acc: 0.965664
Test 188, loss: 1.460023, test acc: 0.900000, test avg acc: 0.755905
Train 189, loss: 1.295911, train acc: 0.988636, train avg acc: 0.993333
Test 189, loss: 1.512815, test acc: 0.900000, test avg acc: 0.750980
Train 190, loss: 1.295153, train acc: 0.991477, train avg acc: 0.967442
Test 190, loss: 1.560743, test acc: 0.855556, test avg acc: 0.721346
Train 191, loss: 1.295860, train acc: 0.985795, train avg acc: 0.987942
Test 191, loss: 1.565492, test acc: 0.877778, test avg acc: 0.736275
Train 192, loss: 1.285489, train acc: 0.988636, train avg acc: 0.939180
Test 192, loss: 1.459658, test acc: 0.911111, test avg acc: 0.768627
Train 193, loss: 1.285434, train acc: 0.994318, train avg acc: 0.944444
Test 193, loss: 1.538195, test acc: 0.877778, test avg acc: 0.801961
Train 194, loss: 1.306056, train acc: 0.982955, train avg acc: 0.984653
Test 194, loss: 1.492683, test acc: 0.922222, test avg acc: 0.846814
Train 195, loss: 1.285507, train acc: 0.991477, train avg acc: 0.967635
Test 195, loss: 1.461925, test acc: 0.922222, test avg acc: 0.786275
Train 196, loss: 1.287352, train acc: 0.991477, train avg acc: 0.916667
Test 196, loss: 1.507306, test acc: 0.855556, test avg acc: 0.731417
Train 197, loss: 1.319454, train acc: 0.977273, train avg acc: 0.983240
Test 197, loss: 1.599479, test acc: 0.822222, test avg acc: 0.678922
Train 198, loss: 1.324668, train acc: 0.971591, train avg acc: 0.924393
Test 198, loss: 1.597615, test acc: 0.888889, test avg acc: 0.733333
Train 199, loss: 1.319603, train acc: 0.977273, train avg acc: 0.906659
Test 199, loss: 1.516887, test acc: 0.900000, test avg acc: 0.750980
Train 200, loss: 1.312328, train acc: 0.980114, train avg acc: 0.907138
Test 200, loss: 1.423997, test acc: 0.911111, test avg acc: 0.768627
Train 201, loss: 1.328630, train acc: 0.968750, train avg acc: 0.898085
Test 201, loss: 1.509098, test acc: 0.888889, test avg acc: 0.814238
Train 202, loss: 1.291234, train acc: 0.991477, train avg acc: 0.966994
Test 202, loss: 1.387750, test acc: 0.944444, test avg acc: 0.871591
Train 203, loss: 1.292807, train acc: 0.991477, train avg acc: 0.993677
Test 203, loss: 1.484914, test acc: 0.922222, test avg acc: 0.705147
Train 204, loss: 1.303781, train acc: 0.982955, train avg acc: 0.961380
Test 204, loss: 1.463804, test acc: 0.922222, test avg acc: 0.700000
Train 205, loss: 1.300806, train acc: 0.982955, train avg acc: 0.986318
Test 205, loss: 1.522713, test acc: 0.866667, test avg acc: 0.647794
Train 206, loss: 1.280587, train acc: 0.997159, train avg acc: 0.996875
Test 206, loss: 1.585623, test acc: 0.866667, test avg acc: 0.658088
Train 207, loss: 1.281861, train acc: 0.997159, train avg acc: 0.968750
Test 207, loss: 1.484996, test acc: 0.922222, test avg acc: 0.770833
Train 208, loss: 1.290563, train acc: 0.988636, train avg acc: 0.990327
Test 208, loss: 1.488769, test acc: 0.922222, test avg acc: 0.775758
Train 209, loss: 1.288438, train acc: 0.985795, train avg acc: 0.962694
Test 209, loss: 1.453481, test acc: 0.911111, test avg acc: 0.773329
Train 210, loss: 1.302631, train acc: 0.974432, train avg acc: 0.928122
Test 210, loss: 1.466790, test acc: 0.922222, test avg acc: 0.775980
Train 211, loss: 1.295798, train acc: 0.982955, train avg acc: 0.960539
Test 211, loss: 1.481132, test acc: 0.911111, test avg acc: 0.768627
Train 212, loss: 1.295970, train acc: 0.982955, train avg acc: 0.934364
Test 212, loss: 1.534642, test acc: 0.866667, test avg acc: 0.728476
Train 213, loss: 1.281310, train acc: 0.991477, train avg acc: 0.993655
Test 213, loss: 1.545584, test acc: 0.911111, test avg acc: 0.763258
Train 214, loss: 1.296106, train acc: 0.974432, train avg acc: 0.978190
Test 214, loss: 1.573388, test acc: 0.866667, test avg acc: 0.728922
Train 215, loss: 1.288751, train acc: 0.985795, train avg acc: 0.987314
Test 215, loss: 1.475295, test acc: 0.922222, test avg acc: 0.770833
Train 216, loss: 1.274228, train acc: 0.994318, train avg acc: 0.970544
Test 216, loss: 1.471474, test acc: 0.911111, test avg acc: 0.763258
Train 217, loss: 1.309446, train acc: 0.977273, train avg acc: 0.980861
Test 217, loss: 1.512817, test acc: 0.877778, test avg acc: 0.730682
Train 218, loss: 1.299161, train acc: 0.988636, train avg acc: 0.990830
Test 218, loss: 1.627174, test acc: 0.888889, test avg acc: 0.738480
Train 219, loss: 1.275097, train acc: 0.994318, train avg acc: 0.993902
Test 219, loss: 1.474549, test acc: 0.900000, test avg acc: 0.685071
Train 220, loss: 1.279537, train acc: 0.994318, train avg acc: 0.970010
Test 220, loss: 1.490059, test acc: 0.911111, test avg acc: 0.758333
Train 221, loss: 1.281711, train acc: 0.988636, train avg acc: 0.990439
Test 221, loss: 1.499610, test acc: 0.922222, test avg acc: 0.775758
Train 222, loss: 1.285811, train acc: 0.988636, train avg acc: 0.961131
Test 222, loss: 1.510785, test acc: 0.900000, test avg acc: 0.680147
Train 223, loss: 1.285631, train acc: 0.988636, train avg acc: 0.989919
Test 223, loss: 1.492787, test acc: 0.900000, test avg acc: 0.750980
Train 224, loss: 1.292107, train acc: 0.994318, train avg acc: 0.966498
Test 224, loss: 1.486077, test acc: 0.911111, test avg acc: 0.763258
Train 225, loss: 1.283417, train acc: 0.991477, train avg acc: 0.966921
Test 225, loss: 1.518561, test acc: 0.888889, test avg acc: 0.743405
Train 226, loss: 1.299392, train acc: 0.980114, train avg acc: 0.959672
Test 226, loss: 1.462350, test acc: 0.900000, test avg acc: 0.760829
Train 227, loss: 1.284711, train acc: 0.991477, train avg acc: 0.993039
Test 227, loss: 1.523573, test acc: 0.900000, test avg acc: 0.745833
Train 228, loss: 1.287790, train acc: 0.991477, train avg acc: 0.968301
Test 228, loss: 1.495977, test acc: 0.900000, test avg acc: 0.750758
Train 229, loss: 1.307820, train acc: 0.982955, train avg acc: 0.959983
Test 229, loss: 1.495886, test acc: 0.933333, test avg acc: 0.854167
Train 230, loss: 1.282896, train acc: 0.988636, train avg acc: 0.915000
Test 230, loss: 1.445623, test acc: 0.933333, test avg acc: 0.864015
Train 231, loss: 1.309522, train acc: 0.980114, train avg acc: 0.985778
Test 231, loss: 1.511614, test acc: 0.877778, test avg acc: 0.741422
Train 232, loss: 1.307473, train acc: 0.977273, train avg acc: 0.957920
Test 232, loss: 1.442550, test acc: 0.922222, test avg acc: 0.785829
Train 233, loss: 1.310383, train acc: 0.980114, train avg acc: 0.984390
Test 233, loss: 1.610348, test acc: 0.855556, test avg acc: 0.706127
Train 234, loss: 1.290181, train acc: 0.988636, train avg acc: 0.992801
Test 234, loss: 1.531045, test acc: 0.922222, test avg acc: 0.700000
Train 235, loss: 1.288563, train acc: 0.997159, train avg acc: 0.997788
Test 235, loss: 1.426227, test acc: 0.955556, test avg acc: 0.808333
Train 236, loss: 1.279352, train acc: 0.991477, train avg acc: 0.993677
Test 236, loss: 1.464957, test acc: 0.900000, test avg acc: 0.750758
Train 237, loss: 1.287788, train acc: 0.988636, train avg acc: 0.988622
Test 237, loss: 1.456870, test acc: 0.900000, test avg acc: 0.761275
Train 238, loss: 1.287373, train acc: 0.988636, train avg acc: 0.990598
Test 238, loss: 1.452674, test acc: 0.900000, test avg acc: 0.695365
Train 239, loss: 1.310713, train acc: 0.980114, train avg acc: 0.934766
Test 239, loss: 1.516709, test acc: 0.866667, test avg acc: 0.733846
Train 240, loss: 1.277216, train acc: 1.000000, train avg acc: 1.000000
Test 240, loss: 1.483641, test acc: 0.911111, test avg acc: 0.768627
Train 241, loss: 1.285263, train acc: 0.985795, train avg acc: 0.936887
Test 241, loss: 1.473001, test acc: 0.900000, test avg acc: 0.761275
Train 242, loss: 1.288303, train acc: 0.985795, train avg acc: 0.990321
Test 242, loss: 1.535573, test acc: 0.877778, test avg acc: 0.736275
Train 243, loss: 1.288715, train acc: 0.977273, train avg acc: 0.879383
Test 243, loss: 1.466180, test acc: 0.900000, test avg acc: 0.917937
Train 244, loss: 1.292923, train acc: 0.988636, train avg acc: 0.967222
Test 244, loss: 1.460662, test acc: 0.922222, test avg acc: 0.775758
Train 245, loss: 1.280322, train acc: 0.985795, train avg acc: 0.938859
Test 245, loss: 1.523034, test acc: 0.877778, test avg acc: 0.735829
Train 246, loss: 1.298039, train acc: 0.980114, train avg acc: 0.983850
Test 246, loss: 1.414253, test acc: 0.933333, test avg acc: 0.788258
Train 247, loss: 1.285123, train acc: 0.988636, train avg acc: 0.940505
Test 247, loss: 1.451997, test acc: 0.900000, test avg acc: 0.766422
Train 248, loss: 1.283079, train acc: 0.991477, train avg acc: 0.993058
Test 248, loss: 1.460187, test acc: 0.922222, test avg acc: 0.704924
Train 249, loss: 1.296466, train acc: 0.988636, train avg acc: 0.966631
Test 249, loss: 1.537728, test acc: 0.888889, test avg acc: 0.748775
